[2020-01-28 22:40:26] local.ERROR: Call to a member function get() on null {"exception":"[object] (Symfony\\Component\\Debug\\Exception\\FatalThrowableError(code: 0): Call to a member function get() on null at C:\\xampp\\htdocs\\TestLaravel\\kidlearn\\app\\Http\\Controllers\\DifferenceController.php:52)
[stacktrace]
#0 [internal function]: App\\Http\\Controllers\\DifferenceController->show('1')
#1 C:\\xampp\\htdocs\\TestLaravel\\kidlearn\\vendor\\laravel\\framework\\src\\Illuminate\\Routing\\Controller.php(54): call_user_func_array(Array, Array)
#2 C:\\xampp\\htdocs\\TestLaravel\\kidlearn\\vendor\\laravel\\framework\\src\\Illuminate\\Routing\\ControllerDispatcher.php(45): Illuminate\\Routing\\Controller->callAction('show', Array)
#3 C:\\xampp\\htdocs\\TestLaravel\\kidlearn\\vendor\\laravel\\framework\\src\\Illuminate\\Routing\\Route.php(219): Illuminate\\Routing\\ControllerDispatcher->dispatch(Object(Illuminate\\Routing\\Route), Object(App\\Http\\Controllers\\DifferenceController), 'show')
#4 C:\\xampp\\htdocs\\TestLaravel\\kidlearn\\vendor\\laravel\\framework\\src\\Illuminate\\Routing\\Route.php(176): Illuminate\\Routing\\Route->runController()
#5 C:\\xampp\\htdocs\\TestLaravel\\kidlearn\\vendor\\laravel\\framework\\src\\Illuminate\\Routing\\Router.php(680): Illuminate\\Routing\\Route->run()
#6 C:\\xampp\\htdocs\\TestLaravel\\kidlearn\\vendor\\laravel\\framework\\src\\Illuminate\\Routing\\Pipeline.php(30): Illuminate\\Routing\\Router->Illuminate\\Routing\\{closure}(Object(Illuminate\\Http\\Request))
#7 C:\\xampp\\htdocs\\TestLaravel\\kidlearn\\vendor\\laravel\\framework\\src\\Illuminate\\Routing\\Middleware\\SubstituteBindings.php(41): Illuminate\\Routing\\Pipeline->Illuminate\\Routing\\{closure}(Object(Illuminate\\Http\\Request))
#8 C:\\xampp\\htdocs\\TestLaravel\\kidlearn\\vendor\\laravel\\framework\\src\\Illuminate\\Pipeline\\Pipeline.php(163): Illuminate\\Routing\\Middleware\\SubstituteBindings->handle(Object(Illuminate\\Http\\Request), Object(Closure))
#9 C:\\xampp\\htdocs\\TestLaravel\\kidlearn\\vendor\\laravel\\framework\\src\\Illuminate\\Routing\\Pipeline.php(53): Illuminate\\Pipeline\\Pipeline->Illuminate\\Pipeline\\{closure}(Object(Illuminate\\Http\\Request))
#10 C:\\xampp\\htdocs\\TestLaravel\\kidlearn\\vendor\\laravel\\framework\\src\\Illuminate\\Foundation\\Http\\Middleware\\VerifyCsrfToken.php(75): Illuminate\\Routing\\Pipeline->Illuminate\\Routing\\{closure}(Object(Illuminate\\Http\\Request))
#11 C:\\xampp\\htdocs\\TestLaravel\\kidlearn\\vendor\\laravel\\framework\\src\\Illuminate\\Pipeline\\Pipeline.php(163): Illuminate\\Foundation\\Http\\Middleware\\VerifyCsrfToken->handle(Object(Illuminate\\Http\\Request), Object(Closure))
#12 C:\\xampp\\htdocs\\TestLaravel\\kidlearn\\vendor\\laravel\\framework\\src\\Illuminate\\Routing\\Pipeline.php(53): Illuminate\\Pipeline\\Pipeline->Illuminate\\Pipeline\\{closure}(Object(Illuminate\\Http\\Request))
#13 C:\\xampp\\htdocs\\TestLaravel\\kidlearn\\vendor\\laravel\\framework\\src\\Illuminate\\View\\Middleware\\ShareErrorsFromSession.php(49): Illuminate\\Routing\\Pipeline->Illuminate\\Routing\\{closure}(Object(Illuminate\\Http\\Request))
#14 C:\\xampp\\htdocs\\TestLaravel\\kidlearn\\vendor\\laravel\\framework\\src\\Illuminate\\Pipeline\\Pipeline.php(163): Illuminate\\View\\Middleware\\ShareErrorsFromSession->handle(Object(Illuminate\\Http\\Request), Object(Closure))
#15 C:\\xampp\\htdocs\\TestLaravel\\kidlearn\\vendor\\laravel\\framework\\src\\Illuminate\\Routing\\Pipeline.php(53): Illuminate\\Pipeline\\Pipeline->Illuminate\\Pipeline\\{closure}(Object(Illuminate\\Http\\Request))
#16 C:\\xampp\\htdocs\\TestLaravel\\kidlearn\\vendor\\laravel\\framework\\src\\Illuminate\\Session\\Middleware\\StartSession.php(56): Illuminate\\Routing\\Pipeline->Illuminate\\Routing\\{closure}(Object(Illuminate\\Http\\Request))
#17 C:\\xampp\\htdocs\\TestLaravel\\kidlearn\\vendor\\laravel\\framework\\src\\Illuminate\\Pipeline\\Pipeline.php(163): Illuminate\\Session\\Middleware\\StartSession->handle(Object(Illuminate\\Http\\Request), Object(Closure))
#18 C:\\xampp\\htdocs\\TestLaravel\\kidlearn\\vendor\\laravel\\framework\\src\\Illuminate\\Routing\\Pipeline.php(53): Illuminate\\Pipeline\\Pipeline->Illuminate\\Pipeline\\{closure}(Object(Illuminate\\Http\\Request))
#19 C:\\xampp\\htdocs\\TestLaravel\\kidlearn\\vendor\\laravel\\framework\\src\\Illuminate\\Cookie\\Middleware\\AddQueuedCookiesToResponse.php(37): Illuminate\\Routing\\Pipeline->Illuminate\\Routing\\{closure}(Object(Illuminate\\Http\\Request))
#20 C:\\xampp\\htdocs\\TestLaravel\\kidlearn\\vendor\\laravel\\framework\\src\\Illuminate\\Pipeline\\Pipeline.php(163): Illuminate\\Cookie\\Middleware\\AddQueuedCookiesToResponse->handle(Object(Illuminate\\Http\\Request), Object(Closure))
#21 C:\\xampp\\htdocs\\TestLaravel\\kidlearn\\vendor\\laravel\\framework\\src\\Illuminate\\Routing\\Pipeline.php(53): Illuminate\\Pipeline\\Pipeline->Illuminate\\Pipeline\\{closure}(Object(Illuminate\\Http\\Request))
#22 C:\\xampp\\htdocs\\TestLaravel\\kidlearn\\vendor\\laravel\\framework\\src\\Illuminate\\Cookie\\Middleware\\EncryptCookies.php(66): Illuminate\\Routing\\Pipeline->Illuminate\\Routing\\{closure}(Object(Illuminate\\Http\\Request))
#23 C:\\xampp\\htdocs\\TestLaravel\\kidlearn\\vendor\\laravel\\framework\\src\\Illuminate\\Pipeline\\Pipeline.php(163): Illuminate\\Cookie\\Middleware\\EncryptCookies->handle(Object(Illuminate\\Http\\Request), Object(Closure))
#24 C:\\xampp\\htdocs\\TestLaravel\\kidlearn\\vendor\\laravel\\framework\\src\\Illuminate\\Routing\\Pipeline.php(53): Illuminate\\Pipeline\\Pipeline->Illuminate\\Pipeline\\{closure}(Object(Illuminate\\Http\\Request))
#25 C:\\xampp\\htdocs\\TestLaravel\\kidlearn\\vendor\\laravel\\framework\\src\\Illuminate\\Pipeline\\Pipeline.php(104): Illuminate\\Routing\\Pipeline->Illuminate\\Routing\\{closure}(Object(Illuminate\\Http\\Request))
#26 C:\\xampp\\htdocs\\TestLaravel\\kidlearn\\vendor\\laravel\\framework\\src\\Illuminate\\Routing\\Router.php(682): Illuminate\\Pipeline\\Pipeline->then(Object(Closure))
#27 C:\\xampp\\htdocs\\TestLaravel\\kidlearn\\vendor\\laravel\\framework\\src\\Illuminate\\Routing\\Router.php(657): Illuminate\\Routing\\Router->runRouteWithinStack(Object(Illuminate\\Routing\\Route), Object(Illuminate\\Http\\Request))
#28 C:\\xampp\\htdocs\\TestLaravel\\kidlearn\\vendor\\laravel\\framework\\src\\Illuminate\\Routing\\Router.php(623): Illuminate\\Routing\\Router->runRoute(Object(Illuminate\\Http\\Request), Object(Illuminate\\Routing\\Route))
#29 C:\\xampp\\htdocs\\TestLaravel\\kidlearn\\vendor\\laravel\\framework\\src\\Illuminate\\Routing\\Router.php(612): Illuminate\\Routing\\Router->dispatchToRoute(Object(Illuminate\\Http\\Request))
#30 C:\\xampp\\htdocs\\TestLaravel\\kidlearn\\vendor\\laravel\\framework\\src\\Illuminate\\Foundation\\Http\\Kernel.php(176): Illuminate\\Routing\\Router->dispatch(Object(Illuminate\\Http\\Request))
#31 C:\\xampp\\htdocs\\TestLaravel\\kidlearn\\vendor\\laravel\\framework\\src\\Illuminate\\Routing\\Pipeline.php(30): Illuminate\\Foundation\\Http\\Kernel->Illuminate\\Foundation\\Http\\{closure}(Object(Illuminate\\Http\\Request))
#32 C:\\xampp\\htdocs\\TestLaravel\\kidlearn\\app\\Http\\Middleware\\AdminAuth.php(23): Illuminate\\Routing\\Pipeline->Illuminate\\Routing\\{closure}(Object(Illuminate\\Http\\Request))
#33 C:\\xampp\\htdocs\\TestLaravel\\kidlearn\\vendor\\laravel\\framework\\src\\Illuminate\\Pipeline\\Pipeline.php(163): App\\Http\\Middleware\\AdminAuth->handle(Object(Illuminate\\Http\\Request), Object(Closure))
#34 C:\\xampp\\htdocs\\TestLaravel\\kidlearn\\vendor\\laravel\\framework\\src\\Illuminate\\Routing\\Pipeline.php(53): Illuminate\\Pipeline\\Pipeline->Illuminate\\Pipeline\\{closure}(Object(Illuminate\\Http\\Request))
#35 C:\\xampp\\htdocs\\TestLaravel\\kidlearn\\app\\Http\\Middleware\\StudentAuth.php(23): Illuminate\\Routing\\Pipeline->Illuminate\\Routing\\{closure}(Object(Illuminate\\Http\\Request))
#36 C:\\xampp\\htdocs\\TestLaravel\\kidlearn\\vendor\\laravel\\framework\\src\\Illuminate\\Pipeline\\Pipeline.php(163): App\\Http\\Middleware\\StudentAuth->handle(Object(Illuminate\\Http\\Request), Object(Closure))
#37 C:\\xampp\\htdocs\\TestLaravel\\kidlearn\\vendor\\laravel\\framework\\src\\Illuminate\\Routing\\Pipeline.php(53): Illuminate\\Pipeline\\Pipeline->Illuminate\\Pipeline\\{closure}(Object(Illuminate\\Http\\Request))
#38 C:\\xampp\\htdocs\\TestLaravel\\kidlearn\\app\\Http\\Middleware\\TeacherAuth.php(24): Illuminate\\Routing\\Pipeline->Illuminate\\Routing\\{closure}(Object(Illuminate\\Http\\Request))
#39 C:\\xampp\\htdocs\\TestLaravel\\kidlearn\\vendor\\laravel\\framework\\src\\Illuminate\\Pipeline\\Pipeline.php(163): App\\Http\\Middleware\\TeacherAuth->handle(Object(Illuminate\\Http\\Request), Object(Closure))
#40 C:\\xampp\\htdocs\\TestLaravel\\kidlearn\\vendor\\laravel\\framework\\src\\Illuminate\\Routing\\Pipeline.php(53): Illuminate\\Pipeline\\Pipeline->Illuminate\\Pipeline\\{closure}(Object(Illuminate\\Http\\Request))
#41 C:\\xampp\\htdocs\\TestLaravel\\kidlearn\\vendor\\fideloper\\proxy\\src\\TrustProxies.php(57): Illuminate\\Routing\\Pipeline->Illuminate\\Routing\\{closure}(Object(Illuminate\\Http\\Request))
#42 C:\\xampp\\htdocs\\TestLaravel\\kidlearn\\vendor\\laravel\\framework\\src\\Illuminate\\Pipeline\\Pipeline.php(163): Fideloper\\Proxy\\TrustProxies->handle(Object(Illuminate\\Http\\Request), Object(Closure))
#43 C:\\xampp\\htdocs\\TestLaravel\\kidlearn\\vendor\\laravel\\framework\\src\\Illuminate\\Routing\\Pipeline.php(53): Illuminate\\Pipeline\\Pipeline->Illuminate\\Pipeline\\{closure}(Object(Illuminate\\Http\\Request))
#44 C:\\xampp\\htdocs\\TestLaravel\\kidlearn\\vendor\\laravel\\framework\\src\\Illuminate\\Foundation\\Http\\Middleware\\TransformsRequest.php(21): Illuminate\\Routing\\Pipeline->Illuminate\\Routing\\{closure}(Object(Illuminate\\Http\\Request))
#45 C:\\xampp\\htdocs\\TestLaravel\\kidlearn\\vendor\\laravel\\framework\\src\\Illuminate\\Pipeline\\Pipeline.php(163): Illuminate\\Foundation\\Http\\Middleware\\TransformsRequest->handle(Object(Illuminate\\Http\\Request), Object(Closure))
#46 C:\\xampp\\htdocs\\TestLaravel\\kidlearn\\vendor\\laravel\\framework\\src\\Illuminate\\Routing\\Pipeline.php(53): Illuminate\\Pipeline\\Pipeline->Illuminate\\Pipeline\\{closure}(Object(Illuminate\\Http\\Request))
#47 C:\\xampp\\htdocs\\TestLaravel\\kidlearn\\vendor\\laravel\\framework\\src\\Illuminate\\Foundation\\Http\\Middleware\\TransformsRequest.php(21): Illuminate\\Routing\\Pipeline->Illuminate\\Routing\\{closure}(Object(Illuminate\\Http\\Request))
#48 C:\\xampp\\htdocs\\TestLaravel\\kidlearn\\vendor\\laravel\\framework\\src\\Illuminate\\Pipeline\\Pipeline.php(163): Illuminate\\Foundation\\Http\\Middleware\\TransformsRequest->handle(Object(Illuminate\\Http\\Request), Object(Closure))
#49 C:\\xampp\\htdocs\\TestLaravel\\kidlearn\\vendor\\laravel\\framework\\src\\Illuminate\\Routing\\Pipeline.php(53): Illuminate\\Pipeline\\Pipeline->Illuminate\\Pipeline\\{closure}(Object(Illuminate\\Http\\Request))
#50 C:\\xampp\\htdocs\\TestLaravel\\kidlearn\\vendor\\laravel\\framework\\src\\Illuminate\\Foundation\\Http\\Middleware\\ValidatePostSize.php(27): Illuminate\\Routing\\Pipeline->Illuminate\\Routing\\{closure}(Object(Illuminate\\Http\\Request))
#51 C:\\xampp\\htdocs\\TestLaravel\\kidlearn\\vendor\\laravel\\framework\\src\\Illuminate\\Pipeline\\Pipeline.php(163): Illuminate\\Foundation\\Http\\Middleware\\ValidatePostSize->handle(Object(Illuminate\\Http\\Request), Object(Closure))
#52 C:\\xampp\\htdocs\\TestLaravel\\kidlearn\\vendor\\laravel\\framework\\src\\Illuminate\\Routing\\Pipeline.php(53): Illuminate\\Pipeline\\Pipeline->Illuminate\\Pipeline\\{closure}(Object(Illuminate\\Http\\Request))
#53 C:\\xampp\\htdocs\\TestLaravel\\kidlearn\\vendor\\laravel\\framework\\src\\Illuminate\\Foundation\\Http\\Middleware\\CheckForMaintenanceMode.php(62): Illuminate\\Routing\\Pipeline->Illuminate\\Routing\\{closure}(Object(Illuminate\\Http\\Request))
#54 C:\\xampp\\htdocs\\TestLaravel\\kidlearn\\vendor\\laravel\\framework\\src\\Illuminate\\Pipeline\\Pipeline.php(163): Illuminate\\Foundation\\Http\\Middleware\\CheckForMaintenanceMode->handle(Object(Illuminate\\Http\\Request), Object(Closure))
#55 C:\\xampp\\htdocs\\TestLaravel\\kidlearn\\vendor\\laravel\\framework\\src\\Illuminate\\Routing\\Pipeline.php(53): Illuminate\\Pipeline\\Pipeline->Illuminate\\Pipeline\\{closure}(Object(Illuminate\\Http\\Request))
#56 C:\\xampp\\htdocs\\TestLaravel\\kidlearn\\vendor\\laravel\\framework\\src\\Illuminate\\Pipeline\\Pipeline.php(104): Illuminate\\Routing\\Pipeline->Illuminate\\Routing\\{closure}(Object(Illuminate\\Http\\Request))
#57 C:\\xampp\\htdocs\\TestLaravel\\kidlearn\\vendor\\laravel\\framework\\src\\Illuminate\\Foundation\\Http\\Kernel.php(151): Illuminate\\Pipeline\\Pipeline->then(Object(Closure))
#58 C:\\xampp\\htdocs\\TestLaravel\\kidlearn\\vendor\\laravel\\framework\\src\\Illuminate\\Foundation\\Http\\Kernel.php(116): Illuminate\\Foundation\\Http\\Kernel->sendRequestThroughRouter(Object(Illuminate\\Http\\Request))
#59 C:\\xampp\\htdocs\\TestLaravel\\kidlearn\\public\\index.php(54): Illuminate\\Foundation\\Http\\Kernel->handle(Object(Illuminate\\Http\\Request))
#60 {main}
"} 
[2020-01-28 22:40:50] local.ERROR: SQLSTATE[22001]: String data, right truncated: 1406 Data too long for column 'answer' at row 1 (SQL: insert into `teacher_answers` (`answer`, `answer_id`, `teacher_id`, `points`, `question_id`, `updated_at`, `created_at`) values (Lorem ipsum dolor sit amet, consectetur adipiscing elit, sed do eiusmod tempor incididunt ut labore et dolore magna aliqua. Maecenas volutpat blandit aliquam etiam erat velit scelerisque in dictum. Vitae justo eget magna fermentum iaculis eu non diam. Sodales ut etiam sit amet nisl purus in mollis nunc. Mauris ultrices eros in cursus turpis massa tincidunt dui ut. Amet risus nullam eget felis. Mollis nunc sed id semper risus in hendrerit gravida rutrum. In tellus integer feugiat scelecrisque varius morbi enim nunc faucibus. Auctor eu augue ut lectus arcu bibendum at varius. Laoreet sit amet cursus sit amet dictum sit amet justo. Rutrum tellus pellentesque eu tincidunt tortor aliquam nulla facilisi cras. Semper quis lectus nulla at volutpat diam ut venenatis tellus. Dictum at tempor commodo ullamcorper. Euismod lacinia at quis risus sed. Eleifend mi in nulla posuere sollicitudin aliquam ultrices sagittis. Quis vel eros donec ac odio. Praesent tristique magna sit amet. Turpis egestas maecenas pharetra convallis posuere morbi leo urna. Faucibus in ornare quam viverra orci.

Nunc mattis enim ut tellus elementum sagittis vitae et. Aliquam sem fringilla ut morbi tincidunt augue interdum velit. Arcu odio ut sem nulla pharetra diam sit. Interdum consectetur libero id faucibus nisl tincidunt eget. Euismod nisi porta lorem mollis aliquam ut. Dui nunc mattis enim ut tellus. Ultrices mi tempus imperdiet nulla malesuada pellentesque elit eget. A diam maecenas sed enim ut sem viverra. Tellus pellentesque eu tincidunt tortor aliquam nulla facilisi cras fermentum. Aliquam faucibus purus in massa tempor nec feugiat nisl pretium. Turpis nunc eget lorem dolor sed viverra ipsum. Mauris sit amet massa vitae tortor. Massa placerat duis ultricies lacus sed turpis tincidunt id. Dui sapien eget mi proin sed libero enim sed.

Blandit volutpat maecenas volutpat blandit aliquam etiam erat velit scelerisque. Pharetra vel turpis nunc eget lorem. Sed enim ut sem viverra. Sit amet consectetur adipiscing elit duis tristique. Elit eget gravida cum sociis natoque penatibus et. Feugiat sed lectus vestibulum mattis ullamcorper velit. Etiam dignissim diam quis enim lobortis scelerisque fermentum. Blandit aliquam etiam erat velit scelerisque in dictum. Sit amet nulla facilisi morbi tempus iaculis urna id. Mi eget mauris pharetra et ultrices neque. Sollicitudin nibh sit amet commodo nulla. Sit amet nulla facilisi morbi tempus iaculis urna id. Ac turpis egestas integer eget. Nisi quis eleifend quam adipiscing. Interdum posuere lorem ipsum dolor sit.

Odio ut enim blandit volutpat maecenas volutpat blandit. Est velit egestas dui id. Diam quis enim lobortis scelerisque fermentum dui faucibus in. Et malesuada fames ac turpis egestas integer eget aliquet. Tortor vitae purus faucibus ornare. Porta non pulvinar neque laoreet suspendisse interdum consectetur. Id interdum velit laoreet id donec. Purus sit amet luctus venenatis lectus magna fringilla. Pretium quam vulputate dignissim suspendisse in est ante in nibh. Lorem ipsum dolor sit amet consectetur adipiscing. Dui faucibus in ornare quam viverra.

A scelerisque purus semper eget duis. Quis auctor elit sed vulputate mi. Blandit turpis cursus in hac habitasse. Mauris augue neque gravida in. A pellentesque sit amet porttitor eget dolor morbi non. Diam maecenas sed enim ut sem viverra. Leo duis ut diam quam. Nec tincidunt praesent semper feugiat nibh sed pulvinar. Amet massa vitae tortor condimentum. Placerat orci nulla pellentesque dignissim enim sit amet., 6, 1, 1, 6, 2020-01-28 22:40:50, 2020-01-28 22:40:50)) {"exception":"[object] (Illuminate\\Database\\QueryException(code: 22001): SQLSTATE[22001]: String data, right truncated: 1406 Data too long for column 'answer' at row 1 (SQL: insert into `teacher_answers` (`answer`, `answer_id`, `teacher_id`, `points`, `question_id`, `updated_at`, `created_at`) values (Lorem ipsum dolor sit amet, consectetur adipiscing elit, sed do eiusmod tempor incididunt ut labore et dolore magna aliqua. Maecenas volutpat blandit aliquam etiam erat velit scelerisque in dictum. Vitae justo eget magna fermentum iaculis eu non diam. Sodales ut etiam sit amet nisl purus in mollis nunc. Mauris ultrices eros in cursus turpis massa tincidunt dui ut. Amet risus nullam eget felis. Mollis nunc sed id semper risus in hendrerit gravida rutrum. In tellus integer feugiat scelecrisque varius morbi enim nunc faucibus. Auctor eu augue ut lectus arcu bibendum at varius. Laoreet sit amet cursus sit amet dictum sit amet justo. Rutrum tellus pellentesque eu tincidunt tortor aliquam nulla facilisi cras. Semper quis lectus nulla at volutpat diam ut venenatis tellus. Dictum at tempor commodo ullamcorper. Euismod lacinia at quis risus sed. Eleifend mi in nulla posuere sollicitudin aliquam ultrices sagittis. Quis vel eros donec ac odio. Praesent tristique magna sit amet. Turpis egestas maecenas pharetra convallis posuere morbi leo urna. Faucibus in ornare quam viverra orci.

Nunc mattis enim ut tellus elementum sagittis vitae et. Aliquam sem fringilla ut morbi tincidunt augue interdum velit. Arcu odio ut sem nulla pharetra diam sit. Interdum consectetur libero id faucibus nisl tincidunt eget. Euismod nisi porta lorem mollis aliquam ut. Dui nunc mattis enim ut tellus. Ultrices mi tempus imperdiet nulla malesuada pellentesque elit eget. A diam maecenas sed enim ut sem viverra. Tellus pellentesque eu tincidunt tortor aliquam nulla facilisi cras fermentum. Aliquam faucibus purus in massa tempor nec feugiat nisl pretium. Turpis nunc eget lorem dolor sed viverra ipsum. Mauris sit amet massa vitae tortor. Massa placerat duis ultricies lacus sed turpis tincidunt id. Dui sapien eget mi proin sed libero enim sed.

Blandit volutpat maecenas volutpat blandit aliquam etiam erat velit scelerisque. Pharetra vel turpis nunc eget lorem. Sed enim ut sem viverra. Sit amet consectetur adipiscing elit duis tristique. Elit eget gravida cum sociis natoque penatibus et. Feugiat sed lectus vestibulum mattis ullamcorper velit. Etiam dignissim diam quis enim lobortis scelerisque fermentum. Blandit aliquam etiam erat velit scelerisque in dictum. Sit amet nulla facilisi morbi tempus iaculis urna id. Mi eget mauris pharetra et ultrices neque. Sollicitudin nibh sit amet commodo nulla. Sit amet nulla facilisi morbi tempus iaculis urna id. Ac turpis egestas integer eget. Nisi quis eleifend quam adipiscing. Interdum posuere lorem ipsum dolor sit.

Odio ut enim blandit volutpat maecenas volutpat blandit. Est velit egestas dui id. Diam quis enim lobortis scelerisque fermentum dui faucibus in. Et malesuada fames ac turpis egestas integer eget aliquet. Tortor vitae purus faucibus ornare. Porta non pulvinar neque laoreet suspendisse interdum consectetur. Id interdum velit laoreet id donec. Purus sit amet luctus venenatis lectus magna fringilla. Pretium quam vulputate dignissim suspendisse in est ante in nibh. Lorem ipsum dolor sit amet consectetur adipiscing. Dui faucibus in ornare quam viverra.

A scelerisque purus semper eget duis. Quis auctor elit sed vulputate mi. Blandit turpis cursus in hac habitasse. Mauris augue neque gravida in. A pellentesque sit amet porttitor eget dolor morbi non. Diam maecenas sed enim ut sem viverra. Leo duis ut diam quam. Nec tincidunt praesent semper feugiat nibh sed pulvinar. Amet massa vitae tortor condimentum. Placerat orci nulla pellentesque dignissim enim sit amet., 6, 1, 1, 6, 2020-01-28 22:40:50, 2020-01-28 22:40:50)) at C:\\xampp\\htdocs\\TestLaravel\\kidlearn\\vendor\\laravel\\framework\\src\\Illuminate\\Database\\Connection.php:664, Doctrine\\DBAL\\Driver\\PDOException(code: 22001): SQLSTATE[22001]: String data, right truncated: 1406 Data too long for column 'answer' at row 1 at C:\\xampp\\htdocs\\TestLaravel\\kidlearn\\vendor\\doctrine\\dbal\\lib\\Doctrine\\DBAL\\Driver\\PDOStatement.php:119, PDOException(code: 22001): SQLSTATE[22001]: String data, right truncated: 1406 Data too long for column 'answer' at row 1 at C:\\xampp\\htdocs\\TestLaravel\\kidlearn\\vendor\\doctrine\\dbal\\lib\\Doctrine\\DBAL\\Driver\\PDOStatement.php:117)
[stacktrace]
#0 C:\\xampp\\htdocs\\TestLaravel\\kidlearn\\vendor\\laravel\\framework\\src\\Illuminate\\Database\\Connection.php(624): Illuminate\\Database\\Connection->runQueryCallback('insert into `te...', Array, Object(Closure))
#1 C:\\xampp\\htdocs\\TestLaravel\\kidlearn\\vendor\\laravel\\framework\\src\\Illuminate\\Database\\Connection.php(459): Illuminate\\Database\\Connection->run('insert into `te...', Array, Object(Closure))
#2 C:\\xampp\\htdocs\\TestLaravel\\kidlearn\\vendor\\laravel\\framework\\src\\Illuminate\\Database\\Connection.php(411): Illuminate\\Database\\Connection->statement('insert into `te...', Array)
#3 C:\\xampp\\htdocs\\TestLaravel\\kidlearn\\vendor\\laravel\\framework\\src\\Illuminate\\Database\\Query\\Processors\\Processor.php(32): Illuminate\\Database\\Connection->insert('insert into `te...', Array)
#4 C:\\xampp\\htdocs\\TestLaravel\\kidlearn\\vendor\\laravel\\framework\\src\\Illuminate\\Database\\Query\\Builder.php(2690): Illuminate\\Database\\Query\\Processors\\Processor->processInsertGetId(Object(Illuminate\\Database\\Query\\Builder), 'insert into `te...', Array, 'id')
#5 C:\\xampp\\htdocs\\TestLaravel\\kidlearn\\vendor\\laravel\\framework\\src\\Illuminate\\Database\\Eloquent\\Builder.php(1353): Illuminate\\Database\\Query\\Builder->insertGetId(Array, 'id')
#6 C:\\xampp\\htdocs\\TestLaravel\\kidlearn\\vendor\\laravel\\framework\\src\\Illuminate\\Database\\Eloquent\\Model.php(839): Illuminate\\Database\\Eloquent\\Builder->__call('insertGetId', Array)
#7 C:\\xampp\\htdocs\\TestLaravel\\kidlearn\\vendor\\laravel\\framework\\src\\Illuminate\\Database\\Eloquent\\Model.php(804): Illuminate\\Database\\Eloquent\\Model->insertAndSetId(Object(Illuminate\\Database\\Eloquent\\Builder), Array)
#8 C:\\xampp\\htdocs\\TestLaravel\\kidlearn\\vendor\\laravel\\framework\\src\\Illuminate\\Database\\Eloquent\\Model.php(667): Illuminate\\Database\\Eloquent\\Model->performInsert(Object(Illuminate\\Database\\Eloquent\\Builder))
#9 C:\\xampp\\htdocs\\TestLaravel\\kidlearn\\app\\Http\\Controllers\\TeacherAnswerController.php(67): Illuminate\\Database\\Eloquent\\Model->save()
#10 [internal function]: App\\Http\\Controllers\\TeacherAnswerController->store(Object(Illuminate\\Http\\Request), '6')
#11 C:\\xampp\\htdocs\\TestLaravel\\kidlearn\\vendor\\laravel\\framework\\src\\Illuminate\\Routing\\Controller.php(54): call_user_func_array(Array, Array)
#12 C:\\xampp\\htdocs\\TestLaravel\\kidlearn\\vendor\\laravel\\framework\\src\\Illuminate\\Routing\\ControllerDispatcher.php(45): Illuminate\\Routing\\Controller->callAction('store', Array)
#13 C:\\xampp\\htdocs\\TestLaravel\\kidlearn\\vendor\\laravel\\framework\\src\\Illuminate\\Routing\\Route.php(219): Illuminate\\Routing\\ControllerDispatcher->dispatch(Object(Illuminate\\Routing\\Route), Object(App\\Http\\Controllers\\TeacherAnswerController), 'store')
#14 C:\\xampp\\htdocs\\TestLaravel\\kidlearn\\vendor\\laravel\\framework\\src\\Illuminate\\Routing\\Route.php(176): Illuminate\\Routing\\Route->runController()
#15 C:\\xampp\\htdocs\\TestLaravel\\kidlearn\\vendor\\laravel\\framework\\src\\Illuminate\\Routing\\Router.php(680): Illuminate\\Routing\\Route->run()
#16 C:\\xampp\\htdocs\\TestLaravel\\kidlearn\\vendor\\laravel\\framework\\src\\Illuminate\\Routing\\Pipeline.php(30): Illuminate\\Routing\\Router->Illuminate\\Routing\\{closure}(Object(Illuminate\\Http\\Request))
#17 C:\\xampp\\htdocs\\TestLaravel\\kidlearn\\vendor\\laravel\\framework\\src\\Illuminate\\Routing\\Middleware\\SubstituteBindings.php(41): Illuminate\\Routing\\Pipeline->Illuminate\\Routing\\{closure}(Object(Illuminate\\Http\\Request))
#18 C:\\xampp\\htdocs\\TestLaravel\\kidlearn\\vendor\\laravel\\framework\\src\\Illuminate\\Pipeline\\Pipeline.php(163): Illuminate\\Routing\\Middleware\\SubstituteBindings->handle(Object(Illuminate\\Http\\Request), Object(Closure))
#19 C:\\xampp\\htdocs\\TestLaravel\\kidlearn\\vendor\\laravel\\framework\\src\\Illuminate\\Routing\\Pipeline.php(53): Illuminate\\Pipeline\\Pipeline->Illuminate\\Pipeline\\{closure}(Object(Illuminate\\Http\\Request))
#20 C:\\xampp\\htdocs\\TestLaravel\\kidlearn\\vendor\\laravel\\framework\\src\\Illuminate\\Foundation\\Http\\Middleware\\VerifyCsrfToken.php(75): Illuminate\\Routing\\Pipeline->Illuminate\\Routing\\{closure}(Object(Illuminate\\Http\\Request))
#21 C:\\xampp\\htdocs\\TestLaravel\\kidlearn\\vendor\\laravel\\framework\\src\\Illuminate\\Pipeline\\Pipeline.php(163): Illuminate\\Foundation\\Http\\Middleware\\VerifyCsrfToken->handle(Object(Illuminate\\Http\\Request), Object(Closure))
#22 C:\\xampp\\htdocs\\TestLaravel\\kidlearn\\vendor\\laravel\\framework\\src\\Illuminate\\Routing\\Pipeline.php(53): Illuminate\\Pipeline\\Pipeline->Illuminate\\Pipeline\\{closure}(Object(Illuminate\\Http\\Request))
#23 C:\\xampp\\htdocs\\TestLaravel\\kidlearn\\vendor\\laravel\\framework\\src\\Illuminate\\View\\Middleware\\ShareErrorsFromSession.php(49): Illuminate\\Routing\\Pipeline->Illuminate\\Routing\\{closure}(Object(Illuminate\\Http\\Request))
#24 C:\\xampp\\htdocs\\TestLaravel\\kidlearn\\vendor\\laravel\\framework\\src\\Illuminate\\Pipeline\\Pipeline.php(163): Illuminate\\View\\Middleware\\ShareErrorsFromSession->handle(Object(Illuminate\\Http\\Request), Object(Closure))
#25 C:\\xampp\\htdocs\\TestLaravel\\kidlearn\\vendor\\laravel\\framework\\src\\Illuminate\\Routing\\Pipeline.php(53): Illuminate\\Pipeline\\Pipeline->Illuminate\\Pipeline\\{closure}(Object(Illuminate\\Http\\Request))
#26 C:\\xampp\\htdocs\\TestLaravel\\kidlearn\\vendor\\laravel\\framework\\src\\Illuminate\\Session\\Middleware\\StartSession.php(56): Illuminate\\Routing\\Pipeline->Illuminate\\Routing\\{closure}(Object(Illuminate\\Http\\Request))
#27 C:\\xampp\\htdocs\\TestLaravel\\kidlearn\\vendor\\laravel\\framework\\src\\Illuminate\\Pipeline\\Pipeline.php(163): Illuminate\\Session\\Middleware\\StartSession->handle(Object(Illuminate\\Http\\Request), Object(Closure))
#28 C:\\xampp\\htdocs\\TestLaravel\\kidlearn\\vendor\\laravel\\framework\\src\\Illuminate\\Routing\\Pipeline.php(53): Illuminate\\Pipeline\\Pipeline->Illuminate\\Pipeline\\{closure}(Object(Illuminate\\Http\\Request))
#29 C:\\xampp\\htdocs\\TestLaravel\\kidlearn\\vendor\\laravel\\framework\\src\\Illuminate\\Cookie\\Middleware\\AddQueuedCookiesToResponse.php(37): Illuminate\\Routing\\Pipeline->Illuminate\\Routing\\{closure}(Object(Illuminate\\Http\\Request))
#30 C:\\xampp\\htdocs\\TestLaravel\\kidlearn\\vendor\\laravel\\framework\\src\\Illuminate\\Pipeline\\Pipeline.php(163): Illuminate\\Cookie\\Middleware\\AddQueuedCookiesToResponse->handle(Object(Illuminate\\Http\\Request), Object(Closure))
#31 C:\\xampp\\htdocs\\TestLaravel\\kidlearn\\vendor\\laravel\\framework\\src\\Illuminate\\Routing\\Pipeline.php(53): Illuminate\\Pipeline\\Pipeline->Illuminate\\Pipeline\\{closure}(Object(Illuminate\\Http\\Request))
#32 C:\\xampp\\htdocs\\TestLaravel\\kidlearn\\vendor\\laravel\\framework\\src\\Illuminate\\Cookie\\Middleware\\EncryptCookies.php(66): Illuminate\\Routing\\Pipeline->Illuminate\\Routing\\{closure}(Object(Illuminate\\Http\\Request))
#33 C:\\xampp\\htdocs\\TestLaravel\\kidlearn\\vendor\\laravel\\framework\\src\\Illuminate\\Pipeline\\Pipeline.php(163): Illuminate\\Cookie\\Middleware\\EncryptCookies->handle(Object(Illuminate\\Http\\Request), Object(Closure))
#34 C:\\xampp\\htdocs\\TestLaravel\\kidlearn\\vendor\\laravel\\framework\\src\\Illuminate\\Routing\\Pipeline.php(53): Illuminate\\Pipeline\\Pipeline->Illuminate\\Pipeline\\{closure}(Object(Illuminate\\Http\\Request))
#35 C:\\xampp\\htdocs\\TestLaravel\\kidlearn\\vendor\\laravel\\framework\\src\\Illuminate\\Pipeline\\Pipeline.php(104): Illuminate\\Routing\\Pipeline->Illuminate\\Routing\\{closure}(Object(Illuminate\\Http\\Request))
#36 C:\\xampp\\htdocs\\TestLaravel\\kidlearn\\vendor\\laravel\\framework\\src\\Illuminate\\Routing\\Router.php(682): Illuminate\\Pipeline\\Pipeline->then(Object(Closure))
#37 C:\\xampp\\htdocs\\TestLaravel\\kidlearn\\vendor\\laravel\\framework\\src\\Illuminate\\Routing\\Router.php(657): Illuminate\\Routing\\Router->runRouteWithinStack(Object(Illuminate\\Routing\\Route), Object(Illuminate\\Http\\Request))
#38 C:\\xampp\\htdocs\\TestLaravel\\kidlearn\\vendor\\laravel\\framework\\src\\Illuminate\\Routing\\Router.php(623): Illuminate\\Routing\\Router->runRoute(Object(Illuminate\\Http\\Request), Object(Illuminate\\Routing\\Route))
#39 C:\\xampp\\htdocs\\TestLaravel\\kidlearn\\vendor\\laravel\\framework\\src\\Illuminate\\Routing\\Router.php(612): Illuminate\\Routing\\Router->dispatchToRoute(Object(Illuminate\\Http\\Request))
#40 C:\\xampp\\htdocs\\TestLaravel\\kidlearn\\vendor\\laravel\\framework\\src\\Illuminate\\Foundation\\Http\\Kernel.php(176): Illuminate\\Routing\\Router->dispatch(Object(Illuminate\\Http\\Request))
#41 C:\\xampp\\htdocs\\TestLaravel\\kidlearn\\vendor\\laravel\\framework\\src\\Illuminate\\Routing\\Pipeline.php(30): Illuminate\\Foundation\\Http\\Kernel->Illuminate\\Foundation\\Http\\{closure}(Object(Illuminate\\Http\\Request))
#42 C:\\xampp\\htdocs\\TestLaravel\\kidlearn\\app\\Http\\Middleware\\AdminAuth.php(23): Illuminate\\Routing\\Pipeline->Illuminate\\Routing\\{closure}(Object(Illuminate\\Http\\Request))
#43 C:\\xampp\\htdocs\\TestLaravel\\kidlearn\\vendor\\laravel\\framework\\src\\Illuminate\\Pipeline\\Pipeline.php(163): App\\Http\\Middleware\\AdminAuth->handle(Object(Illuminate\\Http\\Request), Object(Closure))
#44 C:\\xampp\\htdocs\\TestLaravel\\kidlearn\\vendor\\laravel\\framework\\src\\Illuminate\\Routing\\Pipeline.php(53): Illuminate\\Pipeline\\Pipeline->Illuminate\\Pipeline\\{closure}(Object(Illuminate\\Http\\Request))
#45 C:\\xampp\\htdocs\\TestLaravel\\kidlearn\\app\\Http\\Middleware\\StudentAuth.php(23): Illuminate\\Routing\\Pipeline->Illuminate\\Routing\\{closure}(Object(Illuminate\\Http\\Request))
#46 C:\\xampp\\htdocs\\TestLaravel\\kidlearn\\vendor\\laravel\\framework\\src\\Illuminate\\Pipeline\\Pipeline.php(163): App\\Http\\Middleware\\StudentAuth->handle(Object(Illuminate\\Http\\Request), Object(Closure))
#47 C:\\xampp\\htdocs\\TestLaravel\\kidlearn\\vendor\\laravel\\framework\\src\\Illuminate\\Routing\\Pipeline.php(53): Illuminate\\Pipeline\\Pipeline->Illuminate\\Pipeline\\{closure}(Object(Illuminate\\Http\\Request))
#48 C:\\xampp\\htdocs\\TestLaravel\\kidlearn\\app\\Http\\Middleware\\TeacherAuth.php(24): Illuminate\\Routing\\Pipeline->Illuminate\\Routing\\{closure}(Object(Illuminate\\Http\\Request))
#49 C:\\xampp\\htdocs\\TestLaravel\\kidlearn\\vendor\\laravel\\framework\\src\\Illuminate\\Pipeline\\Pipeline.php(163): App\\Http\\Middleware\\TeacherAuth->handle(Object(Illuminate\\Http\\Request), Object(Closure))
#50 C:\\xampp\\htdocs\\TestLaravel\\kidlearn\\vendor\\laravel\\framework\\src\\Illuminate\\Routing\\Pipeline.php(53): Illuminate\\Pipeline\\Pipeline->Illuminate\\Pipeline\\{closure}(Object(Illuminate\\Http\\Request))
#51 C:\\xampp\\htdocs\\TestLaravel\\kidlearn\\vendor\\fideloper\\proxy\\src\\TrustProxies.php(57): Illuminate\\Routing\\Pipeline->Illuminate\\Routing\\{closure}(Object(Illuminate\\Http\\Request))
#52 C:\\xampp\\htdocs\\TestLaravel\\kidlearn\\vendor\\laravel\\framework\\src\\Illuminate\\Pipeline\\Pipeline.php(163): Fideloper\\Proxy\\TrustProxies->handle(Object(Illuminate\\Http\\Request), Object(Closure))
#53 C:\\xampp\\htdocs\\TestLaravel\\kidlearn\\vendor\\laravel\\framework\\src\\Illuminate\\Routing\\Pipeline.php(53): Illuminate\\Pipeline\\Pipeline->Illuminate\\Pipeline\\{closure}(Object(Illuminate\\Http\\Request))
#54 C:\\xampp\\htdocs\\TestLaravel\\kidlearn\\vendor\\laravel\\framework\\src\\Illuminate\\Foundation\\Http\\Middleware\\TransformsRequest.php(21): Illuminate\\Routing\\Pipeline->Illuminate\\Routing\\{closure}(Object(Illuminate\\Http\\Request))
#55 C:\\xampp\\htdocs\\TestLaravel\\kidlearn\\vendor\\laravel\\framework\\src\\Illuminate\\Pipeline\\Pipeline.php(163): Illuminate\\Foundation\\Http\\Middleware\\TransformsRequest->handle(Object(Illuminate\\Http\\Request), Object(Closure))
#56 C:\\xampp\\htdocs\\TestLaravel\\kidlearn\\vendor\\laravel\\framework\\src\\Illuminate\\Routing\\Pipeline.php(53): Illuminate\\Pipeline\\Pipeline->Illuminate\\Pipeline\\{closure}(Object(Illuminate\\Http\\Request))
#57 C:\\xampp\\htdocs\\TestLaravel\\kidlearn\\vendor\\laravel\\framework\\src\\Illuminate\\Foundation\\Http\\Middleware\\TransformsRequest.php(21): Illuminate\\Routing\\Pipeline->Illuminate\\Routing\\{closure}(Object(Illuminate\\Http\\Request))
#58 C:\\xampp\\htdocs\\TestLaravel\\kidlearn\\vendor\\laravel\\framework\\src\\Illuminate\\Pipeline\\Pipeline.php(163): Illuminate\\Foundation\\Http\\Middleware\\TransformsRequest->handle(Object(Illuminate\\Http\\Request), Object(Closure))
#59 C:\\xampp\\htdocs\\TestLaravel\\kidlearn\\vendor\\laravel\\framework\\src\\Illuminate\\Routing\\Pipeline.php(53): Illuminate\\Pipeline\\Pipeline->Illuminate\\Pipeline\\{closure}(Object(Illuminate\\Http\\Request))
#60 C:\\xampp\\htdocs\\TestLaravel\\kidlearn\\vendor\\laravel\\framework\\src\\Illuminate\\Foundation\\Http\\Middleware\\ValidatePostSize.php(27): Illuminate\\Routing\\Pipeline->Illuminate\\Routing\\{closure}(Object(Illuminate\\Http\\Request))
#61 C:\\xampp\\htdocs\\TestLaravel\\kidlearn\\vendor\\laravel\\framework\\src\\Illuminate\\Pipeline\\Pipeline.php(163): Illuminate\\Foundation\\Http\\Middleware\\ValidatePostSize->handle(Object(Illuminate\\Http\\Request), Object(Closure))
#62 C:\\xampp\\htdocs\\TestLaravel\\kidlearn\\vendor\\laravel\\framework\\src\\Illuminate\\Routing\\Pipeline.php(53): Illuminate\\Pipeline\\Pipeline->Illuminate\\Pipeline\\{closure}(Object(Illuminate\\Http\\Request))
#63 C:\\xampp\\htdocs\\TestLaravel\\kidlearn\\vendor\\laravel\\framework\\src\\Illuminate\\Foundation\\Http\\Middleware\\CheckForMaintenanceMode.php(62): Illuminate\\Routing\\Pipeline->Illuminate\\Routing\\{closure}(Object(Illuminate\\Http\\Request))
#64 C:\\xampp\\htdocs\\TestLaravel\\kidlearn\\vendor\\laravel\\framework\\src\\Illuminate\\Pipeline\\Pipeline.php(163): Illuminate\\Foundation\\Http\\Middleware\\CheckForMaintenanceMode->handle(Object(Illuminate\\Http\\Request), Object(Closure))
#65 C:\\xampp\\htdocs\\TestLaravel\\kidlearn\\vendor\\laravel\\framework\\src\\Illuminate\\Routing\\Pipeline.php(53): Illuminate\\Pipeline\\Pipeline->Illuminate\\Pipeline\\{closure}(Object(Illuminate\\Http\\Request))
#66 C:\\xampp\\htdocs\\TestLaravel\\kidlearn\\vendor\\laravel\\framework\\src\\Illuminate\\Pipeline\\Pipeline.php(104): Illuminate\\Routing\\Pipeline->Illuminate\\Routing\\{closure}(Object(Illuminate\\Http\\Request))
#67 C:\\xampp\\htdocs\\TestLaravel\\kidlearn\\vendor\\laravel\\framework\\src\\Illuminate\\Foundation\\Http\\Kernel.php(151): Illuminate\\Pipeline\\Pipeline->then(Object(Closure))
#68 C:\\xampp\\htdocs\\TestLaravel\\kidlearn\\vendor\\laravel\\framework\\src\\Illuminate\\Foundation\\Http\\Kernel.php(116): Illuminate\\Foundation\\Http\\Kernel->sendRequestThroughRouter(Object(Illuminate\\Http\\Request))
#69 C:\\xampp\\htdocs\\TestLaravel\\kidlearn\\public\\index.php(54): Illuminate\\Foundation\\Http\\Kernel->handle(Object(Illuminate\\Http\\Request))
#70 {main}
"} 
[2020-01-28 22:41:56] local.ERROR: SQLSTATE[22001]: String data, right truncated: 1406 Data too long for column 'answer' at row 1 (SQL: insert into `teacher_answers` (`answer`, `answer_id`, `teacher_id`, `points`, `question_id`, `updated_at`, `created_at`) values (Lorem ipsum dolor sit amet, consectetur adipiscing elit, sed do eiusmod tempor incididunt ut labore et dolore magna aliqua. Maecenas volutpat blandit aliquam etiam erat velit scelerisque in dictum. Vitae justo eget magna fermentum iaculis eu non diam. Sodales ut etiam sit amet nisl purus in mollis nunc. Mauris ultrices eros in cursus turpis massa tincidunt dui ut. Amet risus ncvullam eget felis. Mollis nunc sed id semper risus in hendrerit gravida rutrum. In tellus integer feugiat scelecrisque varius morbi enim nunc faucibus. Auctor eu augue ut lectus arcu bibendum at varius. Laoreet sit amet cursus sit amet dictum sit amet justo. Rutrum tellus pellentesque eu tincidunt tortor aliquam nulla facilisi cras. Semper quis lectus nulla at volutpat diam ut venenatis tellus. Dictum at tempor commodo ullamcorper. Euismod lacinia at quis risus sed. Eleifend mi in nulla posuere sollicitudin aliquam ultrices sagittis. Quis vel eros donec ac odio. Praesent tristique magna sit amet. Turpis egestas maecenas pharetra convallis posuere morbi leo urna. Faucibus in ornare quam viverra orci.

Nunc mattis enim ut tellus elementum sagittis vitae et. Aliquam sem fringilla ut morbi tincidunt augue interdum velit. Arcu odio ut sem nulla pharetra diam sit. Interdum consectetur libero id faucibus nisl tincidunt eget. Euismod nisi porta lorem mollis aliquam ut. Dui nunc mattis enim ut tellus. Ultrices mi tempus imperdiet nulla malesuada pellentesque elit eget. A diam maecenas sed enim ut sem viverra. Tellus pellentesque eu tincidunt tortor aliquam nulla facilisi cras fermentum. Aliquam faucibus purus in massa tempor nec feugiat nisl pretium. Turpis nunc eget lorem dolor sed viverra ipsum. Mauris sit amet massa vitae tortor. Massa placerat duis ultricies lacus sed turpis tincidunt id. Dui sapien eget mi proin sed libero enim sed.

Blandit volutpat maecenas volutpat blandit aliquam etiam erat velit scelerisque. Pharetra vel turpis nunc eget lorem. Sed enim ut sem viverra. Sit amet consectetur adipiscing elit duis tristique. Elit eget gravida cum sociis natoque penatibus et. Feugiat sed lectus vestibulum mattis ullamcorper velit. Etiam dignissim diam quis enim lobortis scelerisque fermentum. Blandit aliquam etiam erat velit scelerisque in dictum. Sit amet nulla facilisi morbi tempus iaculis urna id. Mi eget mauris pharetra et ultrices neque. Sollicitudin nibh sit amet commodo nulla. Sit amet nulla facilisi morbi tempus iaculis urna id. Ac turpis egestas integer eget. Nisi quis eleifend quam adipiscing. Interdum posuere lorem ipsum dolor sit.

Odio ut enim blandit volutpat maecenas volutpat blandit. Est velit egestas dui id. Diam quis enim lobortis scelerisque fermentum dui faucibus in. Et malesuada fames ac turpis egestas integer eget aliquet. Tortor vitae purus faucibus ornare. Porta non pulvinar neque laoreet suspendisse interdum consectetur. Id interdum velit laoreet id donec. Purus sit amet luctus venenatis lectus magna fringilla. Pretium quam vulputate dignissim suspendisse in est ante in nibh. Lorem ipsum dolor sit amet consectetur adipiscing. Dui faucibus in ornare quam viverra.

A scelerisque purus semper eget duis. Quis auctor elit sed vulputate mi. Blandit turpis cursus in hac habitasse. Mauris augue neque gravida in. A pellentesque sit amet porttitor eget dolor morbi non. Diam maecenas sed enim ut sem viverra. Leo duis ut diam quam. Nec tincidunt praesent semper feugiat nibh sed pulvinar. Amet massa vitae tortor condimentum. Placerat orci nulla pellentesque dignissim enim sit amet., 6, 1, 1, 6, 2020-01-28 22:41:56, 2020-01-28 22:41:56)) {"exception":"[object] (Illuminate\\Database\\QueryException(code: 22001): SQLSTATE[22001]: String data, right truncated: 1406 Data too long for column 'answer' at row 1 (SQL: insert into `teacher_answers` (`answer`, `answer_id`, `teacher_id`, `points`, `question_id`, `updated_at`, `created_at`) values (Lorem ipsum dolor sit amet, consectetur adipiscing elit, sed do eiusmod tempor incididunt ut labore et dolore magna aliqua. Maecenas volutpat blandit aliquam etiam erat velit scelerisque in dictum. Vitae justo eget magna fermentum iaculis eu non diam. Sodales ut etiam sit amet nisl purus in mollis nunc. Mauris ultrices eros in cursus turpis massa tincidunt dui ut. Amet risus ncvullam eget felis. Mollis nunc sed id semper risus in hendrerit gravida rutrum. In tellus integer feugiat scelecrisque varius morbi enim nunc faucibus. Auctor eu augue ut lectus arcu bibendum at varius. Laoreet sit amet cursus sit amet dictum sit amet justo. Rutrum tellus pellentesque eu tincidunt tortor aliquam nulla facilisi cras. Semper quis lectus nulla at volutpat diam ut venenatis tellus. Dictum at tempor commodo ullamcorper. Euismod lacinia at quis risus sed. Eleifend mi in nulla posuere sollicitudin aliquam ultrices sagittis. Quis vel eros donec ac odio. Praesent tristique magna sit amet. Turpis egestas maecenas pharetra convallis posuere morbi leo urna. Faucibus in ornare quam viverra orci.

Nunc mattis enim ut tellus elementum sagittis vitae et. Aliquam sem fringilla ut morbi tincidunt augue interdum velit. Arcu odio ut sem nulla pharetra diam sit. Interdum consectetur libero id faucibus nisl tincidunt eget. Euismod nisi porta lorem mollis aliquam ut. Dui nunc mattis enim ut tellus. Ultrices mi tempus imperdiet nulla malesuada pellentesque elit eget. A diam maecenas sed enim ut sem viverra. Tellus pellentesque eu tincidunt tortor aliquam nulla facilisi cras fermentum. Aliquam faucibus purus in massa tempor nec feugiat nisl pretium. Turpis nunc eget lorem dolor sed viverra ipsum. Mauris sit amet massa vitae tortor. Massa placerat duis ultricies lacus sed turpis tincidunt id. Dui sapien eget mi proin sed libero enim sed.

Blandit volutpat maecenas volutpat blandit aliquam etiam erat velit scelerisque. Pharetra vel turpis nunc eget lorem. Sed enim ut sem viverra. Sit amet consectetur adipiscing elit duis tristique. Elit eget gravida cum sociis natoque penatibus et. Feugiat sed lectus vestibulum mattis ullamcorper velit. Etiam dignissim diam quis enim lobortis scelerisque fermentum. Blandit aliquam etiam erat velit scelerisque in dictum. Sit amet nulla facilisi morbi tempus iaculis urna id. Mi eget mauris pharetra et ultrices neque. Sollicitudin nibh sit amet commodo nulla. Sit amet nulla facilisi morbi tempus iaculis urna id. Ac turpis egestas integer eget. Nisi quis eleifend quam adipiscing. Interdum posuere lorem ipsum dolor sit.

Odio ut enim blandit volutpat maecenas volutpat blandit. Est velit egestas dui id. Diam quis enim lobortis scelerisque fermentum dui faucibus in. Et malesuada fames ac turpis egestas integer eget aliquet. Tortor vitae purus faucibus ornare. Porta non pulvinar neque laoreet suspendisse interdum consectetur. Id interdum velit laoreet id donec. Purus sit amet luctus venenatis lectus magna fringilla. Pretium quam vulputate dignissim suspendisse in est ante in nibh. Lorem ipsum dolor sit amet consectetur adipiscing. Dui faucibus in ornare quam viverra.

A scelerisque purus semper eget duis. Quis auctor elit sed vulputate mi. Blandit turpis cursus in hac habitasse. Mauris augue neque gravida in. A pellentesque sit amet porttitor eget dolor morbi non. Diam maecenas sed enim ut sem viverra. Leo duis ut diam quam. Nec tincidunt praesent semper feugiat nibh sed pulvinar. Amet massa vitae tortor condimentum. Placerat orci nulla pellentesque dignissim enim sit amet., 6, 1, 1, 6, 2020-01-28 22:41:56, 2020-01-28 22:41:56)) at C:\\xampp\\htdocs\\TestLaravel\\kidlearn\\vendor\\laravel\\framework\\src\\Illuminate\\Database\\Connection.php:664, Doctrine\\DBAL\\Driver\\PDOException(code: 22001): SQLSTATE[22001]: String data, right truncated: 1406 Data too long for column 'answer' at row 1 at C:\\xampp\\htdocs\\TestLaravel\\kidlearn\\vendor\\doctrine\\dbal\\lib\\Doctrine\\DBAL\\Driver\\PDOStatement.php:119, PDOException(code: 22001): SQLSTATE[22001]: String data, right truncated: 1406 Data too long for column 'answer' at row 1 at C:\\xampp\\htdocs\\TestLaravel\\kidlearn\\vendor\\doctrine\\dbal\\lib\\Doctrine\\DBAL\\Driver\\PDOStatement.php:117)
[stacktrace]
#0 C:\\xampp\\htdocs\\TestLaravel\\kidlearn\\vendor\\laravel\\framework\\src\\Illuminate\\Database\\Connection.php(624): Illuminate\\Database\\Connection->runQueryCallback('insert into `te...', Array, Object(Closure))
#1 C:\\xampp\\htdocs\\TestLaravel\\kidlearn\\vendor\\laravel\\framework\\src\\Illuminate\\Database\\Connection.php(459): Illuminate\\Database\\Connection->run('insert into `te...', Array, Object(Closure))
#2 C:\\xampp\\htdocs\\TestLaravel\\kidlearn\\vendor\\laravel\\framework\\src\\Illuminate\\Database\\Connection.php(411): Illuminate\\Database\\Connection->statement('insert into `te...', Array)
#3 C:\\xampp\\htdocs\\TestLaravel\\kidlearn\\vendor\\laravel\\framework\\src\\Illuminate\\Database\\Query\\Processors\\Processor.php(32): Illuminate\\Database\\Connection->insert('insert into `te...', Array)
#4 C:\\xampp\\htdocs\\TestLaravel\\kidlearn\\vendor\\laravel\\framework\\src\\Illuminate\\Database\\Query\\Builder.php(2690): Illuminate\\Database\\Query\\Processors\\Processor->processInsertGetId(Object(Illuminate\\Database\\Query\\Builder), 'insert into `te...', Array, 'id')
#5 C:\\xampp\\htdocs\\TestLaravel\\kidlearn\\vendor\\laravel\\framework\\src\\Illuminate\\Database\\Eloquent\\Builder.php(1353): Illuminate\\Database\\Query\\Builder->insertGetId(Array, 'id')
#6 C:\\xampp\\htdocs\\TestLaravel\\kidlearn\\vendor\\laravel\\framework\\src\\Illuminate\\Database\\Eloquent\\Model.php(839): Illuminate\\Database\\Eloquent\\Builder->__call('insertGetId', Array)
#7 C:\\xampp\\htdocs\\TestLaravel\\kidlearn\\vendor\\laravel\\framework\\src\\Illuminate\\Database\\Eloquent\\Model.php(804): Illuminate\\Database\\Eloquent\\Model->insertAndSetId(Object(Illuminate\\Database\\Eloquent\\Builder), Array)
#8 C:\\xampp\\htdocs\\TestLaravel\\kidlearn\\vendor\\laravel\\framework\\src\\Illuminate\\Database\\Eloquent\\Model.php(667): Illuminate\\Database\\Eloquent\\Model->performInsert(Object(Illuminate\\Database\\Eloquent\\Builder))
#9 C:\\xampp\\htdocs\\TestLaravel\\kidlearn\\app\\Http\\Controllers\\TeacherAnswerController.php(67): Illuminate\\Database\\Eloquent\\Model->save()
#10 [internal function]: App\\Http\\Controllers\\TeacherAnswerController->store(Object(Illuminate\\Http\\Request), '6')
#11 C:\\xampp\\htdocs\\TestLaravel\\kidlearn\\vendor\\laravel\\framework\\src\\Illuminate\\Routing\\Controller.php(54): call_user_func_array(Array, Array)
#12 C:\\xampp\\htdocs\\TestLaravel\\kidlearn\\vendor\\laravel\\framework\\src\\Illuminate\\Routing\\ControllerDispatcher.php(45): Illuminate\\Routing\\Controller->callAction('store', Array)
#13 C:\\xampp\\htdocs\\TestLaravel\\kidlearn\\vendor\\laravel\\framework\\src\\Illuminate\\Routing\\Route.php(219): Illuminate\\Routing\\ControllerDispatcher->dispatch(Object(Illuminate\\Routing\\Route), Object(App\\Http\\Controllers\\TeacherAnswerController), 'store')
#14 C:\\xampp\\htdocs\\TestLaravel\\kidlearn\\vendor\\laravel\\framework\\src\\Illuminate\\Routing\\Route.php(176): Illuminate\\Routing\\Route->runController()
#15 C:\\xampp\\htdocs\\TestLaravel\\kidlearn\\vendor\\laravel\\framework\\src\\Illuminate\\Routing\\Router.php(680): Illuminate\\Routing\\Route->run()
#16 C:\\xampp\\htdocs\\TestLaravel\\kidlearn\\vendor\\laravel\\framework\\src\\Illuminate\\Routing\\Pipeline.php(30): Illuminate\\Routing\\Router->Illuminate\\Routing\\{closure}(Object(Illuminate\\Http\\Request))
#17 C:\\xampp\\htdocs\\TestLaravel\\kidlearn\\vendor\\laravel\\framework\\src\\Illuminate\\Routing\\Middleware\\SubstituteBindings.php(41): Illuminate\\Routing\\Pipeline->Illuminate\\Routing\\{closure}(Object(Illuminate\\Http\\Request))
#18 C:\\xampp\\htdocs\\TestLaravel\\kidlearn\\vendor\\laravel\\framework\\src\\Illuminate\\Pipeline\\Pipeline.php(163): Illuminate\\Routing\\Middleware\\SubstituteBindings->handle(Object(Illuminate\\Http\\Request), Object(Closure))
#19 C:\\xampp\\htdocs\\TestLaravel\\kidlearn\\vendor\\laravel\\framework\\src\\Illuminate\\Routing\\Pipeline.php(53): Illuminate\\Pipeline\\Pipeline->Illuminate\\Pipeline\\{closure}(Object(Illuminate\\Http\\Request))
#20 C:\\xampp\\htdocs\\TestLaravel\\kidlearn\\vendor\\laravel\\framework\\src\\Illuminate\\Foundation\\Http\\Middleware\\VerifyCsrfToken.php(75): Illuminate\\Routing\\Pipeline->Illuminate\\Routing\\{closure}(Object(Illuminate\\Http\\Request))
#21 C:\\xampp\\htdocs\\TestLaravel\\kidlearn\\vendor\\laravel\\framework\\src\\Illuminate\\Pipeline\\Pipeline.php(163): Illuminate\\Foundation\\Http\\Middleware\\VerifyCsrfToken->handle(Object(Illuminate\\Http\\Request), Object(Closure))
#22 C:\\xampp\\htdocs\\TestLaravel\\kidlearn\\vendor\\laravel\\framework\\src\\Illuminate\\Routing\\Pipeline.php(53): Illuminate\\Pipeline\\Pipeline->Illuminate\\Pipeline\\{closure}(Object(Illuminate\\Http\\Request))
#23 C:\\xampp\\htdocs\\TestLaravel\\kidlearn\\vendor\\laravel\\framework\\src\\Illuminate\\View\\Middleware\\ShareErrorsFromSession.php(49): Illuminate\\Routing\\Pipeline->Illuminate\\Routing\\{closure}(Object(Illuminate\\Http\\Request))
#24 C:\\xampp\\htdocs\\TestLaravel\\kidlearn\\vendor\\laravel\\framework\\src\\Illuminate\\Pipeline\\Pipeline.php(163): Illuminate\\View\\Middleware\\ShareErrorsFromSession->handle(Object(Illuminate\\Http\\Request), Object(Closure))
#25 C:\\xampp\\htdocs\\TestLaravel\\kidlearn\\vendor\\laravel\\framework\\src\\Illuminate\\Routing\\Pipeline.php(53): Illuminate\\Pipeline\\Pipeline->Illuminate\\Pipeline\\{closure}(Object(Illuminate\\Http\\Request))
#26 C:\\xampp\\htdocs\\TestLaravel\\kidlearn\\vendor\\laravel\\framework\\src\\Illuminate\\Session\\Middleware\\StartSession.php(56): Illuminate\\Routing\\Pipeline->Illuminate\\Routing\\{closure}(Object(Illuminate\\Http\\Request))
#27 C:\\xampp\\htdocs\\TestLaravel\\kidlearn\\vendor\\laravel\\framework\\src\\Illuminate\\Pipeline\\Pipeline.php(163): Illuminate\\Session\\Middleware\\StartSession->handle(Object(Illuminate\\Http\\Request), Object(Closure))
#28 C:\\xampp\\htdocs\\TestLaravel\\kidlearn\\vendor\\laravel\\framework\\src\\Illuminate\\Routing\\Pipeline.php(53): Illuminate\\Pipeline\\Pipeline->Illuminate\\Pipeline\\{closure}(Object(Illuminate\\Http\\Request))
#29 C:\\xampp\\htdocs\\TestLaravel\\kidlearn\\vendor\\laravel\\framework\\src\\Illuminate\\Cookie\\Middleware\\AddQueuedCookiesToResponse.php(37): Illuminate\\Routing\\Pipeline->Illuminate\\Routing\\{closure}(Object(Illuminate\\Http\\Request))
#30 C:\\xampp\\htdocs\\TestLaravel\\kidlearn\\vendor\\laravel\\framework\\src\\Illuminate\\Pipeline\\Pipeline.php(163): Illuminate\\Cookie\\Middleware\\AddQueuedCookiesToResponse->handle(Object(Illuminate\\Http\\Request), Object(Closure))
#31 C:\\xampp\\htdocs\\TestLaravel\\kidlearn\\vendor\\laravel\\framework\\src\\Illuminate\\Routing\\Pipeline.php(53): Illuminate\\Pipeline\\Pipeline->Illuminate\\Pipeline\\{closure}(Object(Illuminate\\Http\\Request))
#32 C:\\xampp\\htdocs\\TestLaravel\\kidlearn\\vendor\\laravel\\framework\\src\\Illuminate\\Cookie\\Middleware\\EncryptCookies.php(66): Illuminate\\Routing\\Pipeline->Illuminate\\Routing\\{closure}(Object(Illuminate\\Http\\Request))
#33 C:\\xampp\\htdocs\\TestLaravel\\kidlearn\\vendor\\laravel\\framework\\src\\Illuminate\\Pipeline\\Pipeline.php(163): Illuminate\\Cookie\\Middleware\\EncryptCookies->handle(Object(Illuminate\\Http\\Request), Object(Closure))
#34 C:\\xampp\\htdocs\\TestLaravel\\kidlearn\\vendor\\laravel\\framework\\src\\Illuminate\\Routing\\Pipeline.php(53): Illuminate\\Pipeline\\Pipeline->Illuminate\\Pipeline\\{closure}(Object(Illuminate\\Http\\Request))
#35 C:\\xampp\\htdocs\\TestLaravel\\kidlearn\\vendor\\laravel\\framework\\src\\Illuminate\\Pipeline\\Pipeline.php(104): Illuminate\\Routing\\Pipeline->Illuminate\\Routing\\{closure}(Object(Illuminate\\Http\\Request))
#36 C:\\xampp\\htdocs\\TestLaravel\\kidlearn\\vendor\\laravel\\framework\\src\\Illuminate\\Routing\\Router.php(682): Illuminate\\Pipeline\\Pipeline->then(Object(Closure))
#37 C:\\xampp\\htdocs\\TestLaravel\\kidlearn\\vendor\\laravel\\framework\\src\\Illuminate\\Routing\\Router.php(657): Illuminate\\Routing\\Router->runRouteWithinStack(Object(Illuminate\\Routing\\Route), Object(Illuminate\\Http\\Request))
#38 C:\\xampp\\htdocs\\TestLaravel\\kidlearn\\vendor\\laravel\\framework\\src\\Illuminate\\Routing\\Router.php(623): Illuminate\\Routing\\Router->runRoute(Object(Illuminate\\Http\\Request), Object(Illuminate\\Routing\\Route))
#39 C:\\xampp\\htdocs\\TestLaravel\\kidlearn\\vendor\\laravel\\framework\\src\\Illuminate\\Routing\\Router.php(612): Illuminate\\Routing\\Router->dispatchToRoute(Object(Illuminate\\Http\\Request))
#40 C:\\xampp\\htdocs\\TestLaravel\\kidlearn\\vendor\\laravel\\framework\\src\\Illuminate\\Foundation\\Http\\Kernel.php(176): Illuminate\\Routing\\Router->dispatch(Object(Illuminate\\Http\\Request))
#41 C:\\xampp\\htdocs\\TestLaravel\\kidlearn\\vendor\\laravel\\framework\\src\\Illuminate\\Routing\\Pipeline.php(30): Illuminate\\Foundation\\Http\\Kernel->Illuminate\\Foundation\\Http\\{closure}(Object(Illuminate\\Http\\Request))
#42 C:\\xampp\\htdocs\\TestLaravel\\kidlearn\\app\\Http\\Middleware\\AdminAuth.php(23): Illuminate\\Routing\\Pipeline->Illuminate\\Routing\\{closure}(Object(Illuminate\\Http\\Request))
#43 C:\\xampp\\htdocs\\TestLaravel\\kidlearn\\vendor\\laravel\\framework\\src\\Illuminate\\Pipeline\\Pipeline.php(163): App\\Http\\Middleware\\AdminAuth->handle(Object(Illuminate\\Http\\Request), Object(Closure))
#44 C:\\xampp\\htdocs\\TestLaravel\\kidlearn\\vendor\\laravel\\framework\\src\\Illuminate\\Routing\\Pipeline.php(53): Illuminate\\Pipeline\\Pipeline->Illuminate\\Pipeline\\{closure}(Object(Illuminate\\Http\\Request))
#45 C:\\xampp\\htdocs\\TestLaravel\\kidlearn\\app\\Http\\Middleware\\StudentAuth.php(23): Illuminate\\Routing\\Pipeline->Illuminate\\Routing\\{closure}(Object(Illuminate\\Http\\Request))
#46 C:\\xampp\\htdocs\\TestLaravel\\kidlearn\\vendor\\laravel\\framework\\src\\Illuminate\\Pipeline\\Pipeline.php(163): App\\Http\\Middleware\\StudentAuth->handle(Object(Illuminate\\Http\\Request), Object(Closure))
#47 C:\\xampp\\htdocs\\TestLaravel\\kidlearn\\vendor\\laravel\\framework\\src\\Illuminate\\Routing\\Pipeline.php(53): Illuminate\\Pipeline\\Pipeline->Illuminate\\Pipeline\\{closure}(Object(Illuminate\\Http\\Request))
#48 C:\\xampp\\htdocs\\TestLaravel\\kidlearn\\app\\Http\\Middleware\\TeacherAuth.php(24): Illuminate\\Routing\\Pipeline->Illuminate\\Routing\\{closure}(Object(Illuminate\\Http\\Request))
#49 C:\\xampp\\htdocs\\TestLaravel\\kidlearn\\vendor\\laravel\\framework\\src\\Illuminate\\Pipeline\\Pipeline.php(163): App\\Http\\Middleware\\TeacherAuth->handle(Object(Illuminate\\Http\\Request), Object(Closure))
#50 C:\\xampp\\htdocs\\TestLaravel\\kidlearn\\vendor\\laravel\\framework\\src\\Illuminate\\Routing\\Pipeline.php(53): Illuminate\\Pipeline\\Pipeline->Illuminate\\Pipeline\\{closure}(Object(Illuminate\\Http\\Request))
#51 C:\\xampp\\htdocs\\TestLaravel\\kidlearn\\vendor\\fideloper\\proxy\\src\\TrustProxies.php(57): Illuminate\\Routing\\Pipeline->Illuminate\\Routing\\{closure}(Object(Illuminate\\Http\\Request))
#52 C:\\xampp\\htdocs\\TestLaravel\\kidlearn\\vendor\\laravel\\framework\\src\\Illuminate\\Pipeline\\Pipeline.php(163): Fideloper\\Proxy\\TrustProxies->handle(Object(Illuminate\\Http\\Request), Object(Closure))
#53 C:\\xampp\\htdocs\\TestLaravel\\kidlearn\\vendor\\laravel\\framework\\src\\Illuminate\\Routing\\Pipeline.php(53): Illuminate\\Pipeline\\Pipeline->Illuminate\\Pipeline\\{closure}(Object(Illuminate\\Http\\Request))
#54 C:\\xampp\\htdocs\\TestLaravel\\kidlearn\\vendor\\laravel\\framework\\src\\Illuminate\\Foundation\\Http\\Middleware\\TransformsRequest.php(21): Illuminate\\Routing\\Pipeline->Illuminate\\Routing\\{closure}(Object(Illuminate\\Http\\Request))
#55 C:\\xampp\\htdocs\\TestLaravel\\kidlearn\\vendor\\laravel\\framework\\src\\Illuminate\\Pipeline\\Pipeline.php(163): Illuminate\\Foundation\\Http\\Middleware\\TransformsRequest->handle(Object(Illuminate\\Http\\Request), Object(Closure))
#56 C:\\xampp\\htdocs\\TestLaravel\\kidlearn\\vendor\\laravel\\framework\\src\\Illuminate\\Routing\\Pipeline.php(53): Illuminate\\Pipeline\\Pipeline->Illuminate\\Pipeline\\{closure}(Object(Illuminate\\Http\\Request))
#57 C:\\xampp\\htdocs\\TestLaravel\\kidlearn\\vendor\\laravel\\framework\\src\\Illuminate\\Foundation\\Http\\Middleware\\TransformsRequest.php(21): Illuminate\\Routing\\Pipeline->Illuminate\\Routing\\{closure}(Object(Illuminate\\Http\\Request))
#58 C:\\xampp\\htdocs\\TestLaravel\\kidlearn\\vendor\\laravel\\framework\\src\\Illuminate\\Pipeline\\Pipeline.php(163): Illuminate\\Foundation\\Http\\Middleware\\TransformsRequest->handle(Object(Illuminate\\Http\\Request), Object(Closure))
#59 C:\\xampp\\htdocs\\TestLaravel\\kidlearn\\vendor\\laravel\\framework\\src\\Illuminate\\Routing\\Pipeline.php(53): Illuminate\\Pipeline\\Pipeline->Illuminate\\Pipeline\\{closure}(Object(Illuminate\\Http\\Request))
#60 C:\\xampp\\htdocs\\TestLaravel\\kidlearn\\vendor\\laravel\\framework\\src\\Illuminate\\Foundation\\Http\\Middleware\\ValidatePostSize.php(27): Illuminate\\Routing\\Pipeline->Illuminate\\Routing\\{closure}(Object(Illuminate\\Http\\Request))
#61 C:\\xampp\\htdocs\\TestLaravel\\kidlearn\\vendor\\laravel\\framework\\src\\Illuminate\\Pipeline\\Pipeline.php(163): Illuminate\\Foundation\\Http\\Middleware\\ValidatePostSize->handle(Object(Illuminate\\Http\\Request), Object(Closure))
#62 C:\\xampp\\htdocs\\TestLaravel\\kidlearn\\vendor\\laravel\\framework\\src\\Illuminate\\Routing\\Pipeline.php(53): Illuminate\\Pipeline\\Pipeline->Illuminate\\Pipeline\\{closure}(Object(Illuminate\\Http\\Request))
#63 C:\\xampp\\htdocs\\TestLaravel\\kidlearn\\vendor\\laravel\\framework\\src\\Illuminate\\Foundation\\Http\\Middleware\\CheckForMaintenanceMode.php(62): Illuminate\\Routing\\Pipeline->Illuminate\\Routing\\{closure}(Object(Illuminate\\Http\\Request))
#64 C:\\xampp\\htdocs\\TestLaravel\\kidlearn\\vendor\\laravel\\framework\\src\\Illuminate\\Pipeline\\Pipeline.php(163): Illuminate\\Foundation\\Http\\Middleware\\CheckForMaintenanceMode->handle(Object(Illuminate\\Http\\Request), Object(Closure))
#65 C:\\xampp\\htdocs\\TestLaravel\\kidlearn\\vendor\\laravel\\framework\\src\\Illuminate\\Routing\\Pipeline.php(53): Illuminate\\Pipeline\\Pipeline->Illuminate\\Pipeline\\{closure}(Object(Illuminate\\Http\\Request))
#66 C:\\xampp\\htdocs\\TestLaravel\\kidlearn\\vendor\\laravel\\framework\\src\\Illuminate\\Pipeline\\Pipeline.php(104): Illuminate\\Routing\\Pipeline->Illuminate\\Routing\\{closure}(Object(Illuminate\\Http\\Request))
#67 C:\\xampp\\htdocs\\TestLaravel\\kidlearn\\vendor\\laravel\\framework\\src\\Illuminate\\Foundation\\Http\\Kernel.php(151): Illuminate\\Pipeline\\Pipeline->then(Object(Closure))
#68 C:\\xampp\\htdocs\\TestLaravel\\kidlearn\\vendor\\laravel\\framework\\src\\Illuminate\\Foundation\\Http\\Kernel.php(116): Illuminate\\Foundation\\Http\\Kernel->sendRequestThroughRouter(Object(Illuminate\\Http\\Request))
#69 C:\\xampp\\htdocs\\TestLaravel\\kidlearn\\public\\index.php(54): Illuminate\\Foundation\\Http\\Kernel->handle(Object(Illuminate\\Http\\Request))
#70 {main}
"} 
